{
  "RSpec": {
    "coverage": {
      "/home/varsha/ruby/imdb/app/controllers/movies_controller.rb": [
        1,
        null,
        1,
        1,
        1,
        1,
        null,
        null,
        1,
        0,
        null,
        null,
        null,
        1,
        2,
        2,
        2,
        null,
        0,
        null,
        null,
        null,
        null,
        1,
        1,
        1,
        1,
        null,
        null,
        null,
        1,
        2,
        null,
        null,
        null,
        1,
        2,
        2,
        2,
        null,
        0,
        null,
        null,
        null,
        null,
        null,
        1,
        2,
        1,
        1,
        null,
        0,
        null,
        null,
        null,
        1,
        4,
        null,
        null,
        null
      ],
      "/home/varsha/ruby/imdb/app/controllers/application_controller.rb": [
        1,
        null,
        null,
        1,
        null
      ],
      "/home/varsha/ruby/imdb/app/models/movie.rb": [
        1,
        null,
        1,
        1,
        1,
        1,
        null,
        null,
        null,
        1,
        null,
        null,
        null,
        null,
        null,
        null,
        null,
        null,
        null,
        1,
        null,
        1,
        null,
        1,
        null,
        1,
        null,
        null,
        null,
        null,
        null,
        null,
        1,
        0,
        null,
        null,
        null,
        1,
        null,
        null,
        null,
        1,
        null,
        null,
        null,
        1,
        null,
        null,
        null,
        1,
        null,
        10,
        8,
        null,
        null,
        2,
        null,
        null,
        null,
        null
      ],
      "/home/varsha/ruby/imdb/app/models/song.rb": [
        1,
        null,
        1,
        1,
        null,
        null,
        1,
        null,
        null
      ],
      "/home/varsha/ruby/imdb/app/models/movie_actor.rb": [
        1,
        null,
        1,
        1,
        null,
        null
      ],
      "/home/varsha/ruby/imdb/app/models/rating.rb": [
        1,
        null,
        1,
        1,
        1,
        1,
        1,
        1,
        1,
        1,
        null,
        null,
        1,
        0,
        0,
        null,
        null,
        null,
        null,
        null,
        null,
        null,
        null,
        null,
        null,
        null
      ],
      "/home/varsha/ruby/imdb/app/models/actor.rb": [
        1,
        null,
        1,
        1,
        1,
        1,
        null,
        null,
        null,
        null,
        null,
        null,
        null
      ]
    },
    "timestamp": 1402857459
  }
}
